<?xml version="1.0" encoding="UTF-8"?>
<!-- Generated by org.testng.reporters.JUnitReportReporter -->
<testsuite skipped="0" hostname="Dhruvs-Air" name="com.walmart.testcases.Shopping_Cart_Test" tests="1" failures="0" timestamp="2021-03-31T11:21:25 EDT" time="47.109" errors="0">
  <testcase name="shoppingcarttest" time="47.109" classname="com.walmart.testcases.Shopping_Cart_Test"/>
  <system-out/>
</testsuite> <!-- com.walmart.testcases.Shopping_Cart_Test -->
