<?xml version="1.0" encoding="UTF-8"?>
<!-- Generated by org.testng.reporters.JUnitReportReporter -->
<testsuite skipped="0" hostname="Dhruvs-Air" name="com.walmart.testcases.HomePageTest" tests="13" failures="0" timestamp="2021-03-27T08:02:28 EDT" time="202.110" errors="0">
  <testcase name="clickonimgtest" time="23.890" classname="com.walmart.testcases.HomePageTest"/>
  <system-out/>
  <testcase name="clickondepttest" time="12.228" classname="com.walmart.testcases.HomePageTest"/>
  <system-out/>
  <testcase name="clickonhealthtest" time="17.637" classname="com.walmart.testcases.HomePageTest"/>
  <system-out/>
  <testcase name="clickondealscentertest" time="21.811" classname="com.walmart.testcases.HomePageTest"/>
  <system-out/>
  <testcase name="clickoneasterlinktest" time="11.417" classname="com.walmart.testcases.HomePageTest"/>
  <system-out/>
  <testcase name="clickonflyerslinktest" time="13.397" classname="com.walmart.testcases.HomePageTest"/>
  <system-out/>
  <testcase name="clickonclothinglinktest" time="10.113" classname="com.walmart.testcases.HomePageTest"/>
  <system-out/>
  <testcase name="clickoncareerlinktest" time="16.619" classname="com.walmart.testcases.HomePageTest"/>
  <system-out/>
  <testcase name="clickontoystest" time="16.483" classname="com.walmart.testcases.HomePageTest"/>
  <system-out/>
  <testcase name="clickonreturncentertest" time="13.852" classname="com.walmart.testcases.HomePageTest"/>
  <system-out/>
  <testcase name="typeonsearchbartest" time="11.495" classname="com.walmart.testcases.HomePageTest"/>
  <system-out/>
  <testcase name="clickonpersonalcare" time="16.221" classname="com.walmart.testcases.HomePageTest"/>
  <system-out/>
  <testcase name="clickonjewellery" time="16.947" classname="com.walmart.testcases.HomePageTest"/>
  <system-out/>
</testsuite> <!-- com.walmart.testcases.HomePageTest -->
