<?xml version="1.0" encoding="UTF-8"?>
<!-- Generated by org.testng.reporters.JUnitReportReporter -->
<testsuite skipped="0" hostname="Dhruvs-Air" name="com.walmart.testcases.Sign_Intest" tests="1" failures="0" timestamp="2021-03-29T14:34:43 EDT" time="15.951" errors="0">
  <testcase name="signinValidationTest" time="15.951" classname="com.walmart.testcases.Sign_Intest"/>
  <system-out/>
</testsuite> <!-- com.walmart.testcases.Sign_Intest -->
