<?xml version="1.0" encoding="UTF-8"?>
<!-- Generated by org.testng.reporters.JUnitReportReporter -->
<testsuite skipped="2" hostname="Dhruvs-Air" name="com.walmart.testcases.Sorttest" tests="3" failures="0" timestamp="2021-03-31T10:07:27 EDT" time="27.214" errors="0">
  <testcase name="furnituretest" time="27.214" classname="com.walmart.testcases.Sorttest"/>
  <system-out/>
  <testcase name="grocerytest" classname="com.walmart.testcases.Sorttest">
    <skipped/>
  </testcase> <!-- grocerytest -->
  <system-out/>
  <testcase name="type_searchbar" classname="com.walmart.testcases.Sorttest">
    <skipped/>
  </testcase> <!-- type_searchbar -->
  <system-out/>
</testsuite> <!-- com.walmart.testcases.Sorttest -->
